[2026-03-21 14:59:12,107] 68 root - INFO - Starting training pipeline
[2026-03-21 14:59:12,108] 24 root - INFO - Starting data ingestion
[2026-03-21 14:59:12,108] 36 root - INFO - Exporting collection as dataframe
[2026-03-21 14:59:26,220] 44 root - INFO - Exported collection as dataframe
[2026-03-21 14:59:26,235] 49 root - INFO - Dropped _id column
[2026-03-21 14:59:26,236] 52 root - INFO - Replaced na with np.nan
[2026-03-21 14:59:26,236] 60 root - INFO - Exporting data into feature store
[2026-03-21 14:59:26,424] 69 root - INFO - Exported data into feature store
[2026-03-21 14:59:26,424] 79 root - INFO - Splitting data as train test
[2026-03-21 14:59:26,431] 86 root - INFO - Split data into train and test
[2026-03-21 14:59:26,434] 88 root - INFO - Exited spilt_data_as_train_test method of DataIngestion class
[2026-03-21 14:59:26,434] 96 root - INFO - Exporting data into train and test files
[2026-03-21 14:59:26,619] 105 root - INFO - Exported data into train and test files
[2026-03-21 14:59:26,619] 107 root - INFO - Exited spilt_data_as_train_test method of DataIngestion class
[2026-03-21 14:59:26,620] 126 root - INFO - Data ingestion completed
[2026-03-21 14:59:26,620] 27 root - INFO - Data ingestion completed
[2026-03-21 14:59:26,621] 35 root - INFO - Starting data validation
[2026-03-21 14:59:26,627] 98 root - INFO - Starting data validation
[2026-03-21 14:59:26,708] 40 root - INFO - Validating number of columns
[2026-03-21 14:59:26,708] 43 root - INFO - Expected number of columns: 31
[2026-03-21 14:59:26,709] 44 root - INFO - Actual number of columns: 31
[2026-03-21 14:59:26,709] 40 root - INFO - Validating number of columns
[2026-03-21 14:59:26,709] 43 root - INFO - Expected number of columns: 31
[2026-03-21 14:59:26,709] 44 root - INFO - Actual number of columns: 31
[2026-03-21 14:59:26,709] 55 root - INFO - Checking if numerical columns exist in dataframe
[2026-03-21 14:59:26,713] 60 root - INFO - Numerical columns found: ['having_IP_Address', 'URL_Length', 'Shortining_Service', 'having_At_Symbol', 'double_slash_redirecting', 'Prefix_Suffix', 'having_Sub_Domain', 'SSLfinal_State', 'Domain_registeration_length', 'Favicon', 'port', 'HTTPS_token', 'Request_URL', 'URL_of_Anchor', 'Links_in_tags', 'SFH', 'Submitting_to_email', 'Abnormal_URL', 'Redirect', 'on_mouseover', 'RightClick', 'popUpWidnow', 'Iframe', 'age_of_domain', 'DNSRecord', 'web_traffic', 'Page_Rank', 'Google_Index', 'Links_pointing_to_page', 'Statistical_report', 'Result']
[2026-03-21 14:59:26,713] 55 root - INFO - Checking if numerical columns exist in dataframe
[2026-03-21 14:59:26,714] 60 root - INFO - Numerical columns found: ['having_IP_Address', 'URL_Length', 'Shortining_Service', 'having_At_Symbol', 'double_slash_redirecting', 'Prefix_Suffix', 'having_Sub_Domain', 'SSLfinal_State', 'Domain_registeration_length', 'Favicon', 'port', 'HTTPS_token', 'Request_URL', 'URL_of_Anchor', 'Links_in_tags', 'SFH', 'Submitting_to_email', 'Abnormal_URL', 'Redirect', 'on_mouseover', 'RightClick', 'popUpWidnow', 'Iframe', 'age_of_domain', 'DNSRecord', 'web_traffic', 'Page_Rank', 'Google_Index', 'Links_pointing_to_page', 'Statistical_report', 'Result']
[2026-03-21 14:59:27,068] 38 root - INFO - Data validation completed
[2026-03-21 14:59:27,068] 46 root - INFO - Starting data transformation
[2026-03-21 14:59:27,068] 23 root - INFO - Data Transformation initialized
[2026-03-21 14:59:27,068] 66 root - INFO - Initiating data transformation
[2026-03-21 14:59:27,068] 31 root - INFO - Reading data from D:\Network Security System\Artifacts\ingested_data\train.csv
[2026-03-21 14:59:27,133] 31 root - INFO - Reading data from D:\Network Security System\Artifacts\ingested_data\test.csv
[2026-03-21 14:59:27,154] 49 root - INFO - Getting data transformer object
[2026-03-21 14:59:27,154] 53 root - INFO - KNNImputer object created successfully with parameters: {'missing_values': nan, 'n_neighbors': 3, 'weights': 'uniform'}
[2026-03-21 14:59:27,154] 58 root - INFO - Data transformer object created successfully
[2026-03-21 14:59:27,180] 59 root - INFO - Saving object to D:\Network Security System\Artifacts\data_transformation\transformed_object\preprocessor.pkl
[2026-03-21 14:59:27,188] 64 root - INFO - Object saved to D:\Network Security System\Artifacts\data_transformation\transformed_object\preprocessor.pkl
[2026-03-21 14:59:27,188] 102 root - INFO - Data transformation initiated
[2026-03-21 14:59:27,188] 59 root - INFO - Saving object to final_model/preprocessor.pkl
[2026-03-21 14:59:27,195] 64 root - INFO - Object saved to final_model/preprocessor.pkl
[2026-03-21 14:59:27,197] 49 root - INFO - Data transformation completed
[2026-03-21 14:59:27,197] 57 root - INFO - Starting model training
[2026-03-21 14:59:27,198] 33 root - INFO - ==============================Model Trainer Inititation==============================
[2026-03-21 14:59:27,198] 36 root - INFO - ==============================Model Trainer Inititation Completed==============================
[2026-03-21 14:59:27,198] 220 root - INFO - ==============================Model Trainer Initiation==============================
[2026-03-21 14:59:28,698] 1025 httpx - INFO - HTTP Request: GET https://dagshub.com/api/v1/user "HTTP/1.1 200 OK"
[2026-03-21 14:59:28,702] 107 dagshub - INFO - Accessing as niharkedia
[2026-03-21 14:59:30,156] 1025 httpx - INFO - HTTP Request: GET https://dagshub.com/api/v1/repos/niharkedia/network-security-system "HTTP/1.1 200 OK"
[2026-03-21 14:59:32,566] 1025 httpx - INFO - HTTP Request: GET https://dagshub.com/api/v1/user "HTTP/1.1 200 OK"
[2026-03-21 14:59:32,568] 107 dagshub - INFO - Initialized MLflow to track repo "niharkedia/network-security-system"
[2026-03-21 14:59:32,569] 107 dagshub - INFO - Repository niharkedia/network-security-system initialized!
[2026-03-21 14:59:32,569] 94 root - INFO - Loading numpy array from D:\Network Security System\Artifacts\data_transformation\transformed\train.npy
[2026-03-21 14:59:32,572] 94 root - INFO - Loading numpy array from D:\Network Security System\Artifacts\data_transformation\transformed\test.npy
[2026-03-21 14:59:32,573] 241 root - INFO - Splitting data into training and testing sets
[2026-03-21 14:59:32,574] 242 root - INFO - Training data shape: (17688, 30)
[2026-03-21 14:59:32,574] 243 root - INFO - Testing data shape: (4422, 30)
[2026-03-21 14:59:32,574] 93 root - INFO - Training the model
[2026-03-21 14:59:32,574] 105 root - INFO - Evaluating the model
[2026-03-21 14:59:32,574] 109 root - INFO - Training KNeighborsClassifier
[2026-03-21 14:59:45,062] 17 root - INFO - Calculating classification metrics
[2026-03-21 14:59:45,077] 22 root - INFO - Classification metrics calculated successfully
[2026-03-21 14:59:45,077] 17 root - INFO - Calculating classification metrics
[2026-03-21 14:59:45,086] 22 root - INFO - Classification metrics calculated successfully
[2026-03-21 14:59:45,086] 126 root - INFO - KNeighborsClassifier - Test Accuracy: 0.9674355495251018
[2026-03-21 14:59:45,086] 109 root - INFO - Training RandomForestClassifier
[2026-03-21 14:59:53,446] 17 root - INFO - Calculating classification metrics
[2026-03-21 14:59:53,457] 22 root - INFO - Classification metrics calculated successfully
[2026-03-21 14:59:53,458] 17 root - INFO - Calculating classification metrics
[2026-03-21 14:59:53,467] 22 root - INFO - Classification metrics calculated successfully
[2026-03-21 14:59:53,467] 126 root - INFO - RandomForestClassifier - Test Accuracy: 0.9830393487109905
[2026-03-21 14:59:53,467] 109 root - INFO - Training DecisionTreeClassifier
[2026-03-21 14:59:53,684] 17 root - INFO - Calculating classification metrics
[2026-03-21 14:59:53,701] 22 root - INFO - Classification metrics calculated successfully
[2026-03-21 14:59:53,702] 17 root - INFO - Calculating classification metrics
[2026-03-21 14:59:53,713] 22 root - INFO - Classification metrics calculated successfully
[2026-03-21 14:59:53,713] 126 root - INFO - DecisionTreeClassifier - Test Accuracy: 0.9663048394391678
[2026-03-21 14:59:53,713] 109 root - INFO - Training SVC
[2026-03-21 15:00:38,766] 17 root - INFO - Calculating classification metrics
[2026-03-21 15:00:38,777] 22 root - INFO - Classification metrics calculated successfully
[2026-03-21 15:00:38,777] 17 root - INFO - Calculating classification metrics
[2026-03-21 15:00:38,784] 22 root - INFO - Classification metrics calculated successfully
[2026-03-21 15:00:38,784] 126 root - INFO - SVC - Test Accuracy: 0.9678878335594754
[2026-03-21 15:00:38,784] 109 root - INFO - Training GaussianNB
[2026-03-21 15:00:38,811] 17 root - INFO - Calculating classification metrics
[2026-03-21 15:00:38,822] 22 root - INFO - Classification metrics calculated successfully
[2026-03-21 15:00:38,822] 17 root - INFO - Calculating classification metrics
[2026-03-21 15:00:38,828] 22 root - INFO - Classification metrics calculated successfully
[2026-03-21 15:00:38,828] 126 root - INFO - GaussianNB - Test Accuracy: 0.6040253279059249
[2026-03-21 15:00:38,828] 109 root - INFO - Training LogisticRegression
[2026-03-21 15:00:38,933] 17 root - INFO - Calculating classification metrics
[2026-03-21 15:00:38,945] 22 root - INFO - Classification metrics calculated successfully
[2026-03-21 15:00:38,945] 17 root - INFO - Calculating classification metrics
[2026-03-21 15:00:38,954] 22 root - INFO - Classification metrics calculated successfully
[2026-03-21 15:00:38,954] 126 root - INFO - LogisticRegression - Test Accuracy: 0.9251469923111714
[2026-03-21 15:00:38,954] 109 root - INFO - Training AdaBoostClassifier
[2026-03-21 15:00:57,609] 17 root - INFO - Calculating classification metrics
[2026-03-21 15:00:57,621] 22 root - INFO - Classification metrics calculated successfully
[2026-03-21 15:00:57,622] 17 root - INFO - Calculating classification metrics
[2026-03-21 15:00:57,629] 22 root - INFO - Classification metrics calculated successfully
[2026-03-21 15:00:57,630] 126 root - INFO - AdaBoostClassifier - Test Accuracy: 0.9360018091361375
[2026-03-21 15:00:57,630] 109 root - INFO - Training GradientBoostingClassifier
[2026-03-21 15:02:35,392] 17 root - INFO - Calculating classification metrics
[2026-03-21 15:02:35,421] 22 root - INFO - Classification metrics calculated successfully
[2026-03-21 15:02:35,421] 17 root - INFO - Calculating classification metrics
[2026-03-21 15:02:35,438] 22 root - INFO - Classification metrics calculated successfully
[2026-03-21 15:02:35,438] 126 root - INFO - GradientBoostingClassifier - Test Accuracy: 0.9816824966078698
[2026-03-21 15:02:35,438] 109 root - INFO - Training XGBClassifier
[2026-03-21 15:02:42,032] 17 root - INFO - Calculating classification metrics
[2026-03-21 15:02:42,056] 22 root - INFO - Classification metrics calculated successfully
[2026-03-21 15:02:42,057] 17 root - INFO - Calculating classification metrics
[2026-03-21 15:02:42,073] 22 root - INFO - Classification metrics calculated successfully
[2026-03-21 15:02:42,073] 126 root - INFO - XGBClassifier - Test Accuracy: 0.9807779285391226
[2026-03-21 15:02:42,073] 109 root - INFO - Training LGBMClassifier
[2026-03-21 15:03:28,327] 17 root - INFO - Calculating classification metrics
[2026-03-21 15:03:28,341] 22 root - INFO - Classification metrics calculated successfully
[2026-03-21 15:03:28,341] 17 root - INFO - Calculating classification metrics
[2026-03-21 15:03:28,351] 22 root - INFO - Classification metrics calculated successfully
[2026-03-21 15:03:28,352] 126 root - INFO - LGBMClassifier - Test Accuracy: 0.9853007688828584
[2026-03-21 15:03:28,352] 109 root - INFO - Training CatBoostClassifier
[2026-03-21 15:03:50,945] 17 root - INFO - Calculating classification metrics
[2026-03-21 15:03:50,954] 22 root - INFO - Classification metrics calculated successfully
[2026-03-21 15:03:50,955] 17 root - INFO - Calculating classification metrics
[2026-03-21 15:03:50,964] 22 root - INFO - Classification metrics calculated successfully
[2026-03-21 15:03:50,965] 126 root - INFO - CatBoostClassifier - Test Accuracy: 0.9843962008141113
[2026-03-21 15:03:50,965] 128 root - INFO - Model evaluation completed successfully
[2026-03-21 15:03:50,965] 175 root - INFO - Best model name: LGBMClassifier
[2026-03-21 15:03:50,965] 176 root - INFO - Best model score: 0.9853007688828584
[2026-03-21 15:03:51,161] 17 root - INFO - Calculating classification metrics
[2026-03-21 15:03:51,175] 22 root - INFO - Classification metrics calculated successfully
[2026-03-21 15:05:14,712] 86 root - INFO - MLflow tracking successful for LGBMClassifier (Train)
[2026-03-21 15:05:15,103] 63 root - ERROR - Error in model training: Error occured in python script name[D:\Network Security System\networksecurity\components\model_trainer.py] line number [245] error message [Error occured in python script name[D:\Network Security System\networksecurity\components\model_trainer.py] line number [185] error message [Error occured in python script name[D:\Network Security System\networksecurity\components\model_trainer.py] line number [54] error message ['charmap' codec can't encode character '\U0001f3c3' in position 0: character maps to <undefined>]]]
[2026-03-21 15:05:15,105] 78 root - ERROR - Error in training pipeline: Error occured in python script name[D:\Network Security System\networksecurity\Pipeline\training_pipeline.py] line number [59] error message [Error occured in python script name[D:\Network Security System\networksecurity\components\model_trainer.py] line number [245] error message [Error occured in python script name[D:\Network Security System\networksecurity\components\model_trainer.py] line number [185] error message [Error occured in python script name[D:\Network Security System\networksecurity\components\model_trainer.py] line number [54] error message ['charmap' codec can't encode character '\U0001f3c3' in position 0: character maps to <undefined>]]]]
