[2026-03-21 14:59:02,873] 68 root - INFO - Starting training pipeline
[2026-03-21 14:59:02,873] 24 root - INFO - Starting data ingestion
[2026-03-21 14:59:02,873] 36 root - INFO - Exporting collection as dataframe
[2026-03-21 14:59:10,502] 44 root - INFO - Exported collection as dataframe
[2026-03-21 14:59:10,510] 49 root - INFO - Dropped _id column
[2026-03-21 14:59:10,511] 52 root - INFO - Replaced na with np.nan
[2026-03-21 14:59:10,511] 60 root - INFO - Exporting data into feature store
[2026-03-21 14:59:10,655] 69 root - INFO - Exported data into feature store
[2026-03-21 14:59:10,655] 79 root - INFO - Splitting data as train test
[2026-03-21 14:59:10,663] 86 root - INFO - Split data into train and test
[2026-03-21 14:59:10,666] 88 root - INFO - Exited spilt_data_as_train_test method of DataIngestion class
[2026-03-21 14:59:10,666] 96 root - INFO - Exporting data into train and test files
[2026-03-21 14:59:10,804] 105 root - INFO - Exported data into train and test files
[2026-03-21 14:59:10,804] 107 root - INFO - Exited spilt_data_as_train_test method of DataIngestion class
[2026-03-21 14:59:10,805] 126 root - INFO - Data ingestion completed
[2026-03-21 14:59:10,805] 27 root - INFO - Data ingestion completed
[2026-03-21 14:59:10,806] 35 root - INFO - Starting data validation
[2026-03-21 14:59:10,813] 98 root - INFO - Starting data validation
[2026-03-21 14:59:10,861] 40 root - INFO - Validating number of columns
[2026-03-21 14:59:10,861] 43 root - INFO - Expected number of columns: 31
[2026-03-21 14:59:10,861] 44 root - INFO - Actual number of columns: 31
[2026-03-21 14:59:10,861] 40 root - INFO - Validating number of columns
[2026-03-21 14:59:10,861] 43 root - INFO - Expected number of columns: 31
[2026-03-21 14:59:10,861] 44 root - INFO - Actual number of columns: 31
[2026-03-21 14:59:10,861] 55 root - INFO - Checking if numerical columns exist in dataframe
[2026-03-21 14:59:10,863] 60 root - INFO - Numerical columns found: ['having_IP_Address', 'URL_Length', 'Shortining_Service', 'having_At_Symbol', 'double_slash_redirecting', 'Prefix_Suffix', 'having_Sub_Domain', 'SSLfinal_State', 'Domain_registeration_length', 'Favicon', 'port', 'HTTPS_token', 'Request_URL', 'URL_of_Anchor', 'Links_in_tags', 'SFH', 'Submitting_to_email', 'Abnormal_URL', 'Redirect', 'on_mouseover', 'RightClick', 'popUpWidnow', 'Iframe', 'age_of_domain', 'DNSRecord', 'web_traffic', 'Page_Rank', 'Google_Index', 'Links_pointing_to_page', 'Statistical_report', 'Result']
[2026-03-21 14:59:10,863] 55 root - INFO - Checking if numerical columns exist in dataframe
[2026-03-21 14:59:10,864] 60 root - INFO - Numerical columns found: ['having_IP_Address', 'URL_Length', 'Shortining_Service', 'having_At_Symbol', 'double_slash_redirecting', 'Prefix_Suffix', 'having_Sub_Domain', 'SSLfinal_State', 'Domain_registeration_length', 'Favicon', 'port', 'HTTPS_token', 'Request_URL', 'URL_of_Anchor', 'Links_in_tags', 'SFH', 'Submitting_to_email', 'Abnormal_URL', 'Redirect', 'on_mouseover', 'RightClick', 'popUpWidnow', 'Iframe', 'age_of_domain', 'DNSRecord', 'web_traffic', 'Page_Rank', 'Google_Index', 'Links_pointing_to_page', 'Statistical_report', 'Result']
[2026-03-21 14:59:11,103] 38 root - INFO - Data validation completed
[2026-03-21 14:59:11,103] 46 root - INFO - Starting data transformation
[2026-03-21 14:59:11,103] 23 root - INFO - Data Transformation initialized
[2026-03-21 14:59:11,103] 66 root - INFO - Initiating data transformation
[2026-03-21 14:59:11,103] 31 root - INFO - Reading data from D:\Network Security System\Artifacts\ingested_data\train.csv
[2026-03-21 14:59:11,141] 31 root - INFO - Reading data from D:\Network Security System\Artifacts\ingested_data\test.csv
[2026-03-21 14:59:11,158] 49 root - INFO - Getting data transformer object
[2026-03-21 14:59:11,158] 53 root - INFO - KNNImputer object created successfully with parameters: {'missing_values': nan, 'n_neighbors': 3, 'weights': 'uniform'}
[2026-03-21 14:59:11,158] 58 root - INFO - Data transformer object created successfully
[2026-03-21 14:59:11,179] 59 root - INFO - Saving object to D:\Network Security System\Artifacts\data_transformation\transformed_object\preprocessor.pkl
[2026-03-21 14:59:11,184] 64 root - INFO - Object saved to D:\Network Security System\Artifacts\data_transformation\transformed_object\preprocessor.pkl
[2026-03-21 14:59:11,185] 102 root - INFO - Data transformation initiated
[2026-03-21 14:59:11,185] 59 root - INFO - Saving object to final_model/preprocessor.pkl
[2026-03-21 14:59:11,189] 64 root - INFO - Object saved to final_model/preprocessor.pkl
[2026-03-21 14:59:11,191] 49 root - INFO - Data transformation completed
[2026-03-21 14:59:11,191] 57 root - INFO - Starting model training
[2026-03-21 14:59:11,191] 33 root - INFO - ==============================Model Trainer Inititation==============================
[2026-03-21 14:59:11,191] 36 root - INFO - ==============================Model Trainer Inititation Completed==============================
[2026-03-21 14:59:11,191] 220 root - INFO - ==============================Model Trainer Initiation==============================
[2026-03-21 14:59:17,863] 1025 httpx - INFO - HTTP Request: GET https://dagshub.com/api/v1/user "HTTP/1.1 200 OK"
[2026-03-21 14:59:17,869] 107 dagshub - INFO - Accessing as niharkedia
[2026-03-21 14:59:19,464] 1025 httpx - INFO - HTTP Request: GET https://dagshub.com/api/v1/repos/niharkedia/network-security-system "HTTP/1.1 200 OK"
[2026-03-21 14:59:20,872] 1025 httpx - INFO - HTTP Request: GET https://dagshub.com/api/v1/user "HTTP/1.1 200 OK"
[2026-03-21 14:59:20,876] 107 dagshub - INFO - Initialized MLflow to track repo "niharkedia/network-security-system"
[2026-03-21 14:59:20,878] 107 dagshub - INFO - Repository niharkedia/network-security-system initialized!
[2026-03-21 14:59:20,879] 94 root - INFO - Loading numpy array from D:\Network Security System\Artifacts\data_transformation\transformed\train.npy
[2026-03-21 14:59:20,883] 94 root - INFO - Loading numpy array from D:\Network Security System\Artifacts\data_transformation\transformed\test.npy
[2026-03-21 14:59:20,885] 241 root - INFO - Splitting data into training and testing sets
[2026-03-21 14:59:20,885] 242 root - INFO - Training data shape: (17688, 30)
[2026-03-21 14:59:20,885] 243 root - INFO - Testing data shape: (4422, 30)
[2026-03-21 14:59:20,885] 93 root - INFO - Training the model
[2026-03-21 14:59:20,886] 105 root - INFO - Evaluating the model
[2026-03-21 14:59:20,886] 109 root - INFO - Training KNeighborsClassifier
[2026-03-21 14:59:30,070] 17 root - INFO - Calculating classification metrics
[2026-03-21 14:59:30,088] 22 root - INFO - Classification metrics calculated successfully
[2026-03-21 14:59:30,089] 17 root - INFO - Calculating classification metrics
[2026-03-21 14:59:30,102] 22 root - INFO - Classification metrics calculated successfully
[2026-03-21 14:59:30,103] 126 root - INFO - KNeighborsClassifier - Test Accuracy: 0.9674355495251018
[2026-03-21 14:59:30,103] 109 root - INFO - Training RandomForestClassifier
[2026-03-21 14:59:42,000] 17 root - INFO - Calculating classification metrics
[2026-03-21 14:59:42,010] 22 root - INFO - Classification metrics calculated successfully
[2026-03-21 14:59:42,011] 17 root - INFO - Calculating classification metrics
[2026-03-21 14:59:42,018] 22 root - INFO - Classification metrics calculated successfully
[2026-03-21 14:59:42,018] 126 root - INFO - RandomForestClassifier - Test Accuracy: 0.9834916327453641
[2026-03-21 14:59:42,018] 109 root - INFO - Training DecisionTreeClassifier
[2026-03-21 14:59:42,331] 17 root - INFO - Calculating classification metrics
[2026-03-21 14:59:42,351] 22 root - INFO - Classification metrics calculated successfully
[2026-03-21 14:59:42,351] 17 root - INFO - Calculating classification metrics
[2026-03-21 14:59:42,361] 22 root - INFO - Classification metrics calculated successfully
[2026-03-21 14:59:42,361] 126 root - INFO - DecisionTreeClassifier - Test Accuracy: 0.9629127091813658
[2026-03-21 14:59:42,361] 109 root - INFO - Training SVC
[2026-03-21 15:00:29,916] 17 root - INFO - Calculating classification metrics
[2026-03-21 15:00:29,926] 22 root - INFO - Classification metrics calculated successfully
[2026-03-21 15:00:29,926] 17 root - INFO - Calculating classification metrics
[2026-03-21 15:00:29,933] 22 root - INFO - Classification metrics calculated successfully
[2026-03-21 15:00:29,933] 126 root - INFO - SVC - Test Accuracy: 0.9678878335594754
[2026-03-21 15:00:29,933] 109 root - INFO - Training GaussianNB
[2026-03-21 15:00:29,957] 17 root - INFO - Calculating classification metrics
[2026-03-21 15:00:29,968] 22 root - INFO - Classification metrics calculated successfully
[2026-03-21 15:00:29,968] 17 root - INFO - Calculating classification metrics
[2026-03-21 15:00:29,975] 22 root - INFO - Classification metrics calculated successfully
[2026-03-21 15:00:29,975] 126 root - INFO - GaussianNB - Test Accuracy: 0.6040253279059249
[2026-03-21 15:00:29,975] 109 root - INFO - Training LogisticRegression
[2026-03-21 15:00:30,094] 17 root - INFO - Calculating classification metrics
[2026-03-21 15:00:30,106] 22 root - INFO - Classification metrics calculated successfully
[2026-03-21 15:00:30,106] 17 root - INFO - Calculating classification metrics
[2026-03-21 15:00:30,113] 22 root - INFO - Classification metrics calculated successfully
[2026-03-21 15:00:30,113] 126 root - INFO - LogisticRegression - Test Accuracy: 0.9251469923111714
[2026-03-21 15:00:30,113] 109 root - INFO - Training AdaBoostClassifier
[2026-03-21 15:00:48,142] 17 root - INFO - Calculating classification metrics
[2026-03-21 15:00:48,153] 22 root - INFO - Classification metrics calculated successfully
[2026-03-21 15:00:48,153] 17 root - INFO - Calculating classification metrics
[2026-03-21 15:00:48,160] 22 root - INFO - Classification metrics calculated successfully
[2026-03-21 15:00:48,160] 126 root - INFO - AdaBoostClassifier - Test Accuracy: 0.9360018091361375
[2026-03-21 15:00:48,160] 109 root - INFO - Training GradientBoostingClassifier
