[2026-03-20 12:13:29,521] 17 root - INFO - Starting data ingestion
[2026-03-20 12:13:29,521] 24 root - INFO - Data ingestion initiated
[2026-03-20 12:13:29,521] 36 root - INFO - Exporting collection as dataframe
[2026-03-20 12:14:59,583] 44 root - INFO - Exported collection as dataframe
[2026-03-20 12:14:59,593] 49 root - INFO - Dropped _id column
[2026-03-20 12:14:59,593] 52 root - INFO - Replaced na with np.nan
[2026-03-20 12:14:59,593] 60 root - INFO - Exporting data into feature store
[2026-03-20 12:14:59,657] 69 root - INFO - Exported data into feature store
[2026-03-20 12:14:59,658] 79 root - INFO - Splitting data as train test
[2026-03-20 12:14:59,662] 86 root - INFO - Split data into train and test
[2026-03-20 12:14:59,665] 88 root - INFO - Exited spilt_data_as_train_test method of DataIngestion class
[2026-03-20 12:14:59,665] 96 root - INFO - Exporting data into train and test files
[2026-03-20 12:14:59,732] 105 root - INFO - Exported data into train and test files
[2026-03-20 12:14:59,732] 107 root - INFO - Exited spilt_data_as_train_test method of DataIngestion class
[2026-03-20 12:14:59,733] 126 root - INFO - Data ingestion completed
[2026-03-20 12:14:59,733] 27 root - INFO - Data ingestion completed
[2026-03-20 12:14:59,733] 29 root - INFO - Starting data validation
[2026-03-20 12:14:59,736] 98 root - INFO - Starting data validation
[2026-03-20 12:14:59,767] 40 root - INFO - Validating number of columns
[2026-03-20 12:14:59,767] 43 root - INFO - Expected number of columns: 31
[2026-03-20 12:14:59,767] 44 root - INFO - Actual number of columns: 31
[2026-03-20 12:14:59,767] 40 root - INFO - Validating number of columns
[2026-03-20 12:14:59,767] 43 root - INFO - Expected number of columns: 31
[2026-03-20 12:14:59,767] 44 root - INFO - Actual number of columns: 31
[2026-03-20 12:14:59,767] 55 root - INFO - Checking if numerical columns exist in dataframe
[2026-03-20 12:14:59,769] 60 root - INFO - Numerical columns found: ['having_IP_Address', 'URL_Length', 'Shortining_Service', 'having_At_Symbol', 'double_slash_redirecting', 'Prefix_Suffix', 'having_Sub_Domain', 'SSLfinal_State', 'Domain_registeration_length', 'Favicon', 'port', 'HTTPS_token', 'Request_URL', 'URL_of_Anchor', 'Links_in_tags', 'SFH', 'Submitting_to_email', 'Abnormal_URL', 'Redirect', 'on_mouseover', 'RightClick', 'popUpWidnow', 'Iframe', 'age_of_domain', 'DNSRecord', 'web_traffic', 'Page_Rank', 'Google_Index', 'Links_pointing_to_page', 'Statistical_report', 'Result']
[2026-03-20 12:14:59,769] 55 root - INFO - Checking if numerical columns exist in dataframe
[2026-03-20 12:14:59,769] 60 root - INFO - Numerical columns found: ['having_IP_Address', 'URL_Length', 'Shortining_Service', 'having_At_Symbol', 'double_slash_redirecting', 'Prefix_Suffix', 'having_Sub_Domain', 'SSLfinal_State', 'Domain_registeration_length', 'Favicon', 'port', 'HTTPS_token', 'Request_URL', 'URL_of_Anchor', 'Links_in_tags', 'SFH', 'Submitting_to_email', 'Abnormal_URL', 'Redirect', 'on_mouseover', 'RightClick', 'popUpWidnow', 'Iframe', 'age_of_domain', 'DNSRecord', 'web_traffic', 'Page_Rank', 'Google_Index', 'Links_pointing_to_page', 'Statistical_report', 'Result']
[2026-03-20 12:14:59,945] 36 root - INFO - Data validation completed
[2026-03-20 12:14:59,945] 38 root - INFO - Starting data transformation
[2026-03-20 12:14:59,945] 23 root - INFO - Data Transformation initialized
[2026-03-20 12:14:59,945] 66 root - INFO - Initiating data transformation
[2026-03-20 12:14:59,945] 31 root - INFO - Reading data from D:\Network Security System\Artifacts\ingested_data\train.csv
[2026-03-20 12:14:59,967] 31 root - INFO - Reading data from D:\Network Security System\Artifacts\ingested_data\test.csv
[2026-03-20 12:14:59,977] 49 root - INFO - Getting data transformer object
[2026-03-20 12:14:59,977] 53 root - INFO - KNNImputer object created successfully with parameters: {'missing_values': nan, 'n_neighbors': 3, 'weights': 'uniform'}
[2026-03-20 12:14:59,977] 58 root - INFO - Data transformer object created successfully
[2026-03-20 12:14:59,990] 59 root - INFO - Saving object to D:\Network Security System\Artifacts\data_transformation\transformed_object\preprocessor.pkl
[2026-03-20 12:14:59,997] 64 root - INFO - Object saved to D:\Network Security System\Artifacts\data_transformation\transformed_object\preprocessor.pkl
[2026-03-20 12:14:59,997] 102 root - INFO - Data transformation initiated
[2026-03-20 12:14:59,998] 45 root - INFO - Data transformation completed
[2026-03-20 12:14:59,998] 47 root - INFO - Starting model training
[2026-03-20 12:14:59,998] 33 root - INFO - ==============================Model Trainer Inititation==============================
[2026-03-20 12:14:59,998] 36 root - INFO - ==============================Model Trainer Inititation Completed==============================
[2026-03-20 12:14:59,998] 217 root - INFO - ==============================Model Trainer Initiation==============================
[2026-03-20 12:15:01,732] 1025 httpx - INFO - HTTP Request: GET https://dagshub.com/api/v1/user "HTTP/1.1 200 OK"
[2026-03-20 12:15:01,735] 107 dagshub - INFO - Accessing as niharkedia
[2026-03-20 12:15:03,553] 1025 httpx - INFO - HTTP Request: GET https://dagshub.com/api/v1/repos/niharkedia/network-security-system "HTTP/1.1 200 OK"
[2026-03-20 12:15:04,890] 1025 httpx - INFO - HTTP Request: GET https://dagshub.com/api/v1/user "HTTP/1.1 200 OK"
[2026-03-20 12:15:04,892] 107 dagshub - INFO - Initialized MLflow to track repo "niharkedia/network-security-system"
[2026-03-20 12:15:04,894] 107 dagshub - INFO - Repository niharkedia/network-security-system initialized!
[2026-03-20 12:15:04,894] 94 root - INFO - Loading numpy array from D:\Network Security System\Artifacts\data_transformation\transformed\train.npy
[2026-03-20 12:15:04,897] 94 root - INFO - Loading numpy array from D:\Network Security System\Artifacts\data_transformation\transformed\test.npy
[2026-03-20 12:15:04,898] 238 root - INFO - Splitting data into training and testing sets
[2026-03-20 12:15:04,898] 239 root - INFO - Training data shape: (17688, 30)
[2026-03-20 12:15:04,898] 240 root - INFO - Testing data shape: (4422, 30)
[2026-03-20 12:15:04,898] 93 root - INFO - Training the model
[2026-03-20 12:15:04,898] 105 root - INFO - Evaluating the model
[2026-03-20 12:15:04,898] 109 root - INFO - Training KNeighborsClassifier
[2026-03-20 12:15:11,796] 17 root - INFO - Calculating classification metrics
[2026-03-20 12:15:11,804] 22 root - INFO - Classification metrics calculated successfully
[2026-03-20 12:15:11,804] 17 root - INFO - Calculating classification metrics
[2026-03-20 12:15:11,809] 22 root - INFO - Classification metrics calculated successfully
[2026-03-20 12:15:11,809] 126 root - INFO - KNeighborsClassifier - Test Accuracy: 0.9674355495251018
[2026-03-20 12:15:11,809] 109 root - INFO - Training RandomForestClassifier
[2026-03-20 12:15:17,664] 17 root - INFO - Calculating classification metrics
[2026-03-20 12:15:17,672] 22 root - INFO - Classification metrics calculated successfully
[2026-03-20 12:15:17,672] 17 root - INFO - Calculating classification metrics
[2026-03-20 12:15:17,676] 22 root - INFO - Classification metrics calculated successfully
[2026-03-20 12:15:17,676] 126 root - INFO - RandomForestClassifier - Test Accuracy: 0.9834916327453641
[2026-03-20 12:15:17,676] 109 root - INFO - Training DecisionTreeClassifier
[2026-03-20 12:15:17,855] 17 root - INFO - Calculating classification metrics
[2026-03-20 12:15:17,865] 22 root - INFO - Classification metrics calculated successfully
[2026-03-20 12:15:17,865] 17 root - INFO - Calculating classification metrics
[2026-03-20 12:15:17,873] 22 root - INFO - Classification metrics calculated successfully
[2026-03-20 12:15:17,873] 126 root - INFO - DecisionTreeClassifier - Test Accuracy: 0.966078697421981
[2026-03-20 12:15:17,873] 109 root - INFO - Training SVC
[2026-03-20 12:15:42,346] 17 root - INFO - Calculating classification metrics
[2026-03-20 12:15:42,353] 22 root - INFO - Classification metrics calculated successfully
[2026-03-20 12:15:42,353] 17 root - INFO - Calculating classification metrics
[2026-03-20 12:15:42,360] 22 root - INFO - Classification metrics calculated successfully
[2026-03-20 12:15:42,360] 126 root - INFO - SVC - Test Accuracy: 0.9678878335594754
[2026-03-20 12:15:42,361] 109 root - INFO - Training GaussianNB
[2026-03-20 12:15:42,382] 17 root - INFO - Calculating classification metrics
[2026-03-20 12:15:42,388] 22 root - INFO - Classification metrics calculated successfully
[2026-03-20 12:15:42,388] 17 root - INFO - Calculating classification metrics
[2026-03-20 12:15:42,392] 22 root - INFO - Classification metrics calculated successfully
[2026-03-20 12:15:42,392] 126 root - INFO - GaussianNB - Test Accuracy: 0.6040253279059249
[2026-03-20 12:15:42,392] 109 root - INFO - Training LogisticRegression
[2026-03-20 12:15:42,450] 17 root - INFO - Calculating classification metrics
[2026-03-20 12:15:42,456] 22 root - INFO - Classification metrics calculated successfully
[2026-03-20 12:15:42,456] 17 root - INFO - Calculating classification metrics
[2026-03-20 12:15:42,460] 22 root - INFO - Classification metrics calculated successfully
[2026-03-20 12:15:42,460] 126 root - INFO - LogisticRegression - Test Accuracy: 0.9251469923111714
[2026-03-20 12:15:42,460] 109 root - INFO - Training AdaBoostClassifier
[2026-03-20 12:15:52,149] 17 root - INFO - Calculating classification metrics
[2026-03-20 12:15:52,155] 22 root - INFO - Classification metrics calculated successfully
[2026-03-20 12:15:52,155] 17 root - INFO - Calculating classification metrics
[2026-03-20 12:15:52,158] 22 root - INFO - Classification metrics calculated successfully
[2026-03-20 12:15:52,158] 126 root - INFO - AdaBoostClassifier - Test Accuracy: 0.9360018091361375
[2026-03-20 12:15:52,158] 109 root - INFO - Training GradientBoostingClassifier
[2026-03-20 12:16:39,152] 17 root - INFO - Calculating classification metrics
[2026-03-20 12:16:39,159] 22 root - INFO - Classification metrics calculated successfully
[2026-03-20 12:16:39,159] 17 root - INFO - Calculating classification metrics
[2026-03-20 12:16:39,163] 22 root - INFO - Classification metrics calculated successfully
[2026-03-20 12:16:39,163] 126 root - INFO - GradientBoostingClassifier - Test Accuracy: 0.9821347806422434
[2026-03-20 12:16:39,163] 109 root - INFO - Training XGBClassifier
[2026-03-20 12:16:42,805] 17 root - INFO - Calculating classification metrics
[2026-03-20 12:16:42,812] 22 root - INFO - Classification metrics calculated successfully
[2026-03-20 12:16:42,812] 17 root - INFO - Calculating classification metrics
[2026-03-20 12:16:42,815] 22 root - INFO - Classification metrics calculated successfully
[2026-03-20 12:16:42,815] 126 root - INFO - XGBClassifier - Test Accuracy: 0.9807779285391226
[2026-03-20 12:16:42,815] 109 root - INFO - Training LGBMClassifier
[2026-03-20 12:16:49,997] 17 root - INFO - Calculating classification metrics
[2026-03-20 12:16:50,005] 22 root - INFO - Classification metrics calculated successfully
[2026-03-20 12:16:50,005] 17 root - INFO - Calculating classification metrics
[2026-03-20 12:16:50,010] 22 root - INFO - Classification metrics calculated successfully
[2026-03-20 12:16:50,010] 126 root - INFO - LGBMClassifier - Test Accuracy: 0.9853007688828584
[2026-03-20 12:16:50,011] 109 root - INFO - Training CatBoostClassifier
[2026-03-20 12:17:01,660] 17 root - INFO - Calculating classification metrics
[2026-03-20 12:17:01,665] 22 root - INFO - Classification metrics calculated successfully
[2026-03-20 12:17:01,665] 17 root - INFO - Calculating classification metrics
[2026-03-20 12:17:01,669] 22 root - INFO - Classification metrics calculated successfully
[2026-03-20 12:17:01,669] 126 root - INFO - CatBoostClassifier - Test Accuracy: 0.9843962008141113
[2026-03-20 12:17:01,669] 128 root - INFO - Model evaluation completed successfully
[2026-03-20 12:17:01,669] 175 root - INFO - Best model name: LGBMClassifier
[2026-03-20 12:17:01,669] 176 root - INFO - Best model score: 0.9853007688828584
[2026-03-20 12:17:01,729] 17 root - INFO - Calculating classification metrics
[2026-03-20 12:17:01,735] 22 root - INFO - Classification metrics calculated successfully
[2026-03-20 12:17:45,133] 86 root - INFO - MLflow tracking successful for LGBMClassifier (Train)
[2026-03-20 12:17:45,784] 17 root - INFO - Calculating classification metrics
[2026-03-20 12:17:45,790] 22 root - INFO - Classification metrics calculated successfully
[2026-03-20 12:18:38,588] 86 root - INFO - MLflow tracking successful for LGBMClassifier (Test)
[2026-03-20 12:18:39,247] 191 root - INFO - Train score: ClassificationMetricArtifact(accuracy=0.9897670737222976, precision=0.9877987294544721, recall=0.9939123376623377, f1_score=0.9908461032721387)
[2026-03-20 12:18:39,247] 192 root - INFO - Test score: ClassificationMetricArtifact(accuracy=0.9853007688828584, precision=0.9850020267531414, recall=0.9886086248982913, f1_score=0.9868020304568528)
[2026-03-20 12:18:39,247] 78 root - INFO - Loading object from D:\Network Security System\Artifacts\data_transformation\transformed_object\preprocessor.pkl
[2026-03-20 12:18:39,250] 59 root - INFO - Saving object to D:\Network Security System\Artifacts\model_trainer\trained_model\model.pkl
[2026-03-20 12:18:39,281] 64 root - INFO - Object saved to D:\Network Security System\Artifacts\model_trainer\trained_model\model.pkl
[2026-03-20 12:18:39,281] 210 root - INFO - Model trained successfully
[2026-03-20 12:18:39,294] 244 root - INFO - ==============================Model Trainer Initiation Completed==============================
[2026-03-20 12:18:39,295] 54 root - INFO - Model training completed
